<?xml version="1.0" encoding="UTF-8"?>
<testsuite name="myTunes.business.user.GetUserUseCaseTest" tests="3" skipped="0" failures="0" errors="0" timestamp="2025-11-13T09:06:34" hostname="DESKTOP-517IG1Q" time="0.068">
  <properties/>
  <testcase name="getAccountWithUserRole()" classname="myTunes.business.user.GetUserUseCaseTest" time="0.056"/>
  <testcase name="getAccountWithIncorrectId()" classname="myTunes.business.user.GetUserUseCaseTest" time="0.006"/>
  <testcase name="getAccountWithAdminRole()" classname="myTunes.business.user.GetUserUseCaseTest" time="0.004"/>
  <system-out><![CDATA[]]></system-out>
  <system-err><![CDATA[]]></system-err>
</testsuite>
