<?xml version="1.0" encoding="UTF-8"?>
<testsuite name="myTunes.business.login.LoginUseCaseTest" tests="3" skipped="0" failures="0" errors="0" timestamp="2025-11-13T09:06:33" hostname="DESKTOP-517IG1Q" time="1.293">
  <properties/>
  <testcase name="login()" classname="myTunes.business.login.LoginUseCaseTest" time="1.274"/>
  <testcase name="accountDoesNotExist()" classname="myTunes.business.login.LoginUseCaseTest" time="0.011"/>
  <testcase name="missMatchPasswordException()" classname="myTunes.business.login.LoginUseCaseTest" time="0.005"/>
  <system-out><![CDATA[]]></system-out>
  <system-err><![CDATA[]]></system-err>
</testsuite>
