<?xml version="1.0" encoding="UTF-8"?>
<testsuite name="myTunes.business.user.CreateUserUseCaseTest" tests="3" skipped="0" failures="0" errors="0" timestamp="2025-11-13T09:06:34" hostname="DESKTOP-517IG1Q" time="0.028">
  <properties/>
  <testcase name="testCreateAccountWithExistingEmail()" classname="myTunes.business.user.CreateUserUseCaseTest" time="0.008"/>
  <testcase name="testCreateAccountWithExistingUsername()" classname="myTunes.business.user.CreateUserUseCaseTest" time="0.004"/>
  <testcase name="createUser()" classname="myTunes.business.user.CreateUserUseCaseTest" time="0.014"/>
  <system-out><![CDATA[]]></system-out>
  <system-err><![CDATA[]]></system-err>
</testsuite>
